2024-06-10 22:42:59,910 - INFO - User (gustavo_lord): /prt расскажи мне о языке Rust
2024-06-10 22:49:38,533 - INFO - User (gustavo_lord): /prt расскажи мне о языке Python
2024-06-10 22:49:51,344 - INFO - Model: /prt  — это не команда, которую я могу распознать. Возможно, вы имели в виду команду для конкретного приложения или сервиса. 

Однако, я могу рассказать вам о языке Python!  \U0001f40d 

**Python — это:**

* **Интерпретируемый язык:**  Код Python не нужно компилировать перед запуском, что делает его удобным для быстрой разработки.
* **Язык высокого уровня:**  Python абстрагируется от деталей работы с памятью и железом, что делает его более читаемым и простым для изучения.
* **Динамически типизированный язык:**  В Python типы данных переменных проверяются во время выполнения кода, а не во время компиляции.
* **Многоцелевой язык:**  Python подходит для решения широкого круга задач, включая:
    * Веб-разработка (Django, Flask)
    * Анализ данных и машинное обучение (Pandas, NumPy, Scikit-learn)
    * Автоматизация задач (скрипты)
    * Разработка игр (Pygame)
* **Язык с открытым исходным кодом:**  Python бесплатен для использования и распространения, а также имеет огромное сообщество разработчиков.

**Преимущества Python:**

* **Легкость изучения:**  Синтаксис Python очень похож на английский язык, что делает его одним из самых простых языков для начинающих.
* **Большое количество библиотек:**  В Python есть огромное количество готовых модулей и библиотек, которые можно использовать для решения самых разных задач.
* **Активное сообщество:**  Python имеет огромное и активное сообщество разработчиков, которые всегда готовы помочь с решением проблем.

**Недостатки Python:**

* **Скорость:**  Python — интерпретируемый язык, поэтому он может быть медленнее, чем компилируемые языки, такие как C++ или Java.
* **Глобальная блокировка интерпретатора (GIL):**  GIL может ограничивать производительность многопоточных программ на Python.

**Хотите узнать больше о Python?** 

Я могу рассказать вам о синтаксисе, основных конструкциях языка, библиотеках и фреймворках, а также о том, как начать писать свой код. 

Просто скажите, что именно вас интересует! 

2024-06-14 19:29:47,052 - INFO - User (gustavo_lord): /prt что из себя представляет предел
2024-06-14 19:29:54,291 - ERROR - Threaded polling exception: A request to the Telegram API was unsuccessful. Error code: 400. Description: Bad Request: can't parse entities: Can't find end of the entity starting at byte offset 1341
2024-06-14 19:29:54,292 - ERROR - Exception traceback:
Traceback (most recent call last):
  File "C:\Users\User\PycharmProjects\bot\.venv\lib\site-packages\telebot\__init__.py", line 1215, in __threaded_polling
    self.worker_pool.raise_exceptions()
  File "C:\Users\User\PycharmProjects\bot\.venv\lib\site-packages\telebot\util.py", line 150, in raise_exceptions
    raise self.exception_info
  File "C:\Users\User\PycharmProjects\bot\.venv\lib\site-packages\telebot\util.py", line 93, in run
    task(*args, **kwargs)
  File "C:\Users\User\PycharmProjects\bot\.venv\lib\site-packages\telebot\__init__.py", line 8449, in _run_middlewares_and_handler
    result = handler['function'](message)
  File "c:\Users\User\PycharmProjects\bot\bot.py", line 77, in code_prompt
    bot.reply_to(message, formatted_response, parse_mode="Markdown")
  File "C:\Users\User\PycharmProjects\bot\.venv\lib\site-packages\telebot\__init__.py", line 5458, in reply_to
    return self.send_message(message.chat.id, text, reply_parameters=reply_parameters, **kwargs)
  File "C:\Users\User\PycharmProjects\bot\.venv\lib\site-packages\telebot\__init__.py", line 1751, in send_message
    apihelper.send_message(
  File "C:\Users\User\PycharmProjects\bot\.venv\lib\site-packages\telebot\apihelper.py", line 271, in send_message
    return _make_request(token, method_url, params=payload, method='post')
  File "C:\Users\User\PycharmProjects\bot\.venv\lib\site-packages\telebot\apihelper.py", line 168, in _make_request
    json_result = _check_result(method_name, result)
  File "C:\Users\User\PycharmProjects\bot\.venv\lib\site-packages\telebot\apihelper.py", line 195, in _check_result
    raise ApiTelegramException(method_name, result, result_json)
telebot.apihelper.ApiTelegramException: A request to the Telegram API was unsuccessful. Error code: 400. Description: Bad Request: can't parse entities: Can't find end of the entity starting at byte offset 1341

2024-06-14 19:32:32,673 - INFO - User (gustavo_lord): /prt напиши код на Python для вычисления суммы рядов
2024-06-14 19:32:42,870 - INFO - Raw Model Response: ```python
def calculate_series_sum(series):
  """
  Вычисляет сумму ряда.

  Args:
    series: Список чисел, представляющих ряд.

  Returns:
    Сумму ряда.
  """
  sum = 0
  for num in series:
    sum += num
  return sum

# Пример использования:
series = [1, 2, 3, 4, 5]
series_sum = calculate_series_sum(series)
print(f"Сумма ряда {series} равна {series_sum}")
```

**Объяснение кода:**

1. **`def calculate_series_sum(series):`**: Определяем функцию с именем `calculate_series_sum`, которая принимает один аргумент - `series`.
2. **`sum = 0`**: Инициализируем переменную `sum`, которая будет хранить сумму ряда, значением 0.
3. **`for num in series:`**: Создаем цикл `for`, который будет перебирать каждый элемент `num` в списке `series`.
4. **`sum += num`**: Внутри цикла, для каждого элемента `num`, добавляем его значение к переменной `sum`.
5. **`return sum`**: После завершения цикла, возвращаем значение `sum`, которое представляет собой сумму всех элементов ряда.

**Пример использования:**

В примере мы создаем список `series` с числами от 1 до 5, а затем вызываем функцию `calculate_series_sum` с этим списком в качестве аргумента. Функция возвращает сумму ряда, которая сохраняется в переменной `series_sum` и выводится на экран.

Этот код вычисляет сумму ряда для любого списка чисел. Вы можете изменить список `series` на любой другой список, чтобы вычислить сумму для другого ряда.

2024-06-14 19:32:42,870 - INFO - Formatted Model Response: ```python
def calculate_series_sum(series):
  """
  Вычисляет сумму ряда.

  Args:
    series: Список чисел, представляющих ряд.

  Returns:
    Сумму ряда.
  """
  sum = 0
  for num in series:
    sum += num
  return sum

# Пример использования:
series = [1, 2, 3, 4, 5]
series_sum = calculate_series_sum(series)
print(f"Сумма ряда {series} равна {series_sum}")
```

**Объяснение кода:**

1. **`def calculate_series_sum(series):`**: Определяем функцию с именем `calculate_series_sum`, которая принимает один аргумент - `series`.
2. **`sum = 0`**: Инициализируем переменную `sum`, которая будет хранить сумму ряда, значением 0.
3. **`for num in series:`**: Создаем цикл `for`, который будет перебирать каждый элемент `num` в списке `series`.
4. **`sum += num`**: Внутри цикла, для каждого элемента `num`, добавляем его значение к переменной `sum`.
5. **`return sum`**: После завершения цикла, возвращаем значение `sum`, которое представляет собой сумму всех элементов ряда.

**Пример использования:**

В примере мы создаем список `series` с числами от 1 до 5, а затем вызываем функцию `calculate_series_sum` с этим списком в качестве аргумента. Функция возвращает сумму ряда, которая сохраняется в переменной `series_sum` и выводится на экран.

Этот код вычисляет сумму ряда для любого списка чисел. Вы можете изменить список `series` на любой другой список, чтобы вычислить сумму для другого ряда.

2024-06-14 19:34:57,116 - INFO - Пользователь (gustavo_lord): /prt напиши код на C++ для обычного калькулятора
2024-06-14 19:36:33,638 - INFO - Пользователь (gustavo_lord): /prt напиши код на C++ для обычного калькулятора
2024-06-14 19:39:00,273 - INFO - Пользователь (gustavo_lord): /prt расскажи мне про C#
2024-06-14 19:39:15,677 - INFO - Сырой ответ модели: ## C# - язык программирования для амбициозных проектов

C# (произносится "си шарп") - это современный, объектно-ориентированный язык программирования, разработанный компанией Microsoft. Он пользуется огромной популярностью благодаря своей универсальности, мощи и постоянному развитию. 

**Вот краткий обзор основных преимуществ C#:**

* **Универсальность:** C# подходит для самых разных задач, от разработки веб-приложений и игр до создания мобильных приложений и десктопных программ.
* **Простота и элегантность:** C# обладает чистым синтаксисом, заимствованным из C++ и Java, что упрощает его изучение и чтение кода.
* **Объектно-ориентированный подход:** C# полностью поддерживает принципы ООП, такие как инкапсуляция, наследование и полиморфизм, что позволяет создавать масштабируемые и легко поддерживаемые приложения.
* **Мощная поддержка .NET Framework:** C# тесно интегрирован с платформой .NET, предоставляя доступ к огромной библиотеке классов и инструментов для решения практически любых задач.
* **Кроссплатформенность:** Благодаря .NET Core, C# можно использовать для разработки приложений, работающих на Windows, macOS и Linux.
* **Активное сообщество и поддержка:** C# обладает одним из самых больших и активных сообществ разработчиков, что гарантирует наличие большого количества документации, примеров кода и помощи онлайн.

**Для кого подходит C#?**

* **Начинающие программисты:** C# - отличный выбор для тех, кто только начинает свой путь в программировании, благодаря простому синтаксису и мощным инструментам разработки.
* **Опытные разработчики:** C# предоставляет широкие возможности для создания сложных и высокопроизводительных приложений, что делает его отличным выбором для опытных разработчиков.
* **Разработчики игр:** Unity, один из самых популярных игровых движков, использует C# в качестве основного языка программирования.

**Что можно создавать на C#?**

* **Веб-приложения:** ASP.NET Core - популярный фреймворк для создания высокопроизводительных веб-приложений.
* **Мобильные приложения:** Xamarin позволяет создавать кроссплатформенные мобильные приложения для Android, iOS и других платформ.
* **Десктопные приложения:** Windows Forms и WPF - популярные фреймворки для создания приложений для Windows.
* **Игры:** Unity - мощный игровой движок, использующий C# как основной язык программирования.
* **Многое другое:** C# также используется для создания облачных сервисов, инструментов машинного обучения, приложений Интернета вещей и многого другого.

Если вы ищете современный, универсальный и перспективный язык программирования, то C# - отличный выбор. 

2024-06-14 19:39:15,677 - INFO - Форматированный ответ модели: ## C# - язык программирования для амбициозных проектов

C# (произносится "си шарп") - это современный, объектно-ориентированный язык программирования, разработанный компанией Microsoft. Он пользуется огромной популярностью благодаря своей универсальности, мощи и постоянному развитию. 

**Вот краткий обзор основных преимуществ C#:**

* **Универсальность:** C# подходит для самых разных задач, от разработки веб-приложений и игр до создания мобильных приложений и десктопных программ.
* **Простота и элегантность:** C# обладает чистым синтаксисом, заимствованным из C++ и Java, что упрощает его изучение и чтение кода.
* **Объектно-ориентированный подход:** C# полностью поддерживает принципы ООП, такие как инкапсуляция, наследование и полиморфизм, что позволяет создавать масштабируемые и легко поддерживаемые приложения.
* **Мощная поддержка .NET Framework:** C# тесно интегрирован с платформой .NET, предоставляя доступ к огромной библиотеке классов и инструментов для решения практически любых задач.
* **Кроссплатформенность:** Благодаря .NET Core, C# можно использовать для разработки приложений, работающих на Windows, macOS и Linux.
* **Активное сообщество и поддержка:** C# обладает одним из самых больших и активных сообществ разработчиков, что гарантирует наличие большого количества документации, примеров кода и помощи онлайн.

**Для кого подходит C#?**

* **Начинающие программисты:** C# - отличный выбор для тех, кто только начинает свой путь в программировании, благодаря простому синтаксису и мощным инструментам разработки.
* **Опытные разработчики:** C# предоставляет широкие возможности для создания сложных и высокопроизводительных приложений, что делает его отличным выбором для опытных разработчиков.
* **Разработчики игр:** Unity, один из самых популярных игровых движков, использует C# в качестве основного языка программирования.

**Что можно создавать на C#?**

* **Веб-приложения:** ASP.NET Core - популярный фреймворк для создания высокопроизводительных веб-приложений.
* **Мобильные приложения:** Xamarin позволяет создавать кроссплатформенные мобильные приложения для Android, iOS и других платформ.
* **Десктопные приложения:** Windows Forms и WPF - популярные фреймворки для создания приложений для Windows.
* **Игры:** Unity - мощный игровой движок, использующий C# как основной язык программирования.
* **Многое другое:** C# также используется для создания облачных сервисов, инструментов машинного обучения, приложений Интернета вещей и многого другого.

Если вы ищете современный, универсальный и перспективный язык программирования, то C# - отличный выбор. 

2024-06-14 19:40:23,619 - INFO - Пользователь (gustavo_lord): /prt напиши простой код на C# который складывает два числа, и при условии что число четное он его возводит в степень 2 и выводит на экран
2024-06-14 19:40:38,047 - INFO - Сырой ответ модели: ```csharp
using System;

public class SumAndSquare
{
    public static void Main(string[] args)
    {
        Console.WriteLine("Введите первое число:");
        int num1 = Convert.ToInt32(Console.ReadLine());

        Console.WriteLine("Введите второе число:");
        int num2 = Convert.ToInt32(Console.ReadLine());

        int sum = num1 + num2;

        Console.WriteLine($"Сумма чисел: {sum}");

        if (sum % 2 == 0)
        {
            int square = sum * sum;
            Console.WriteLine($"Сумма четная, ее квадрат: {square}");
        }
    }
}
```

**Объяснение кода:**

1. **Подключение библиотеки:** `using System;` - подключение системной библиотеки для работы с консолью.
2. **Объявление класса:** `public class SumAndSquare` - объявление класса с именем SumAndSquare.
3. **Метод Main:** `public static void Main(string[] args)` - главный метод программы, с которого начинается выполнение.
4. **Ввод чисел:**
   - `Console.WriteLine("Введите первое число:");` - вывод сообщения на консоль с просьбой ввести первое число.
   - `int num1 = Convert.ToInt32(Console.ReadLine());` - чтение введенного числа с консоли и преобразование его в целочисленный тип `int`, сохранение в переменную `num1`.
   - Аналогично для второго числа.
5. **Сложение чисел:** `int sum = num1 + num2;` - сложение чисел и сохранение результата в переменную `sum`.
6. **Вывод суммы:** `Console.WriteLine($"Сумма чисел: {sum}");` - вывод значения переменной `sum` на консоль.
7. **Проверка на четность:** `if (sum % 2 == 0)` - проверка, является ли сумма четным числом (остаток от деления на 2 равен 0).
8. **Возведение в квадрат:**
   - `int square = sum * sum;` - если сумма четная, то возводим ее в квадрат и сохраняем результат в переменную `square`.
   - `Console.WriteLine($"Сумма четная, ее квадрат: {square}");` -  вывод сообщения о том, что сумма четная, и вывод значения `square`.

Этот код запрашивает у пользователя два числа, складывает их, а затем проверяет, является ли сумма четной. Если сумма четная, код возводит ее в квадрат и выводит результат на экран.

2024-06-14 19:40:38,047 - INFO - Форматированный ответ модели: ```csharp
using System;

public class SumAndSquare
{
    public static void Main(string[] args)
    {
        Console.WriteLine("Введите первое число:");
        int num1 = Convert.ToInt32(Console.ReadLine());

        Console.WriteLine("Введите второе число:");
        int num2 = Convert.ToInt32(Console.ReadLine());

        int sum = num1 + num2;

        Console.WriteLine($"Сумма чисел: {sum}");

        if (sum % 2 == 0)
        {
            int square = sum * sum;
            Console.WriteLine($"Сумма четная, ее квадрат: {square}");
        }
    }
}
```

**Объяснение кода:**

1. **Подключение библиотеки:** `using System;` - подключение системной библиотеки для работы с консолью.
2. **Объявление класса:** `public class SumAndSquare` - объявление класса с именем SumAndSquare.
3. **Метод Main:** `public static void Main(string[] args)` - главный метод программы, с которого начинается выполнение.
4. **Ввод чисел:**
   - `Console.WriteLine("Введите первое число:");` - вывод сообщения на консоль с просьбой ввести первое число.
   - `int num1 = Convert.ToInt32(Console.ReadLine());` - чтение введенного числа с консоли и преобразование его в целочисленный тип `int`, сохранение в переменную `num1`.
   - Аналогично для второго числа.
5. **Сложение чисел:** `int sum = num1 + num2;` - сложение чисел и сохранение результата в переменную `sum`.
6. **Вывод суммы:** `Console.WriteLine($"Сумма чисел: {sum}");` - вывод значения переменной `sum` на консоль.
7. **Проверка на четность:** `if (sum % 2 == 0)` - проверка, является ли сумма четным числом (остаток от деления на 2 равен 0).
8. **Возведение в квадрат:**
   - `int square = sum * sum;` - если сумма четная, то возводим ее в квадрат и сохраняем результат в переменную `square`.
   - `Console.WriteLine($"Сумма четная, ее квадрат: {square}");` -  вывод сообщения о том, что сумма четная, и вывод значения `square`.

Этот код запрашивает у пользователя два числа, складывает их, а затем проверяет, является ли сумма четной. Если сумма четная, код возводит ее в квадрат и выводит результат на экран.

2024-06-18 00:16:46,635 - INFO - Пользователь (gustavo_lord): /prt что такое C#
2024-06-18 00:17:00,260 - INFO - Сырой ответ модели: C# (произносится как "си шарп") - это современный, объектно-ориентированный и типобезопасный язык программирования, разработанный компанией Microsoft. Он является частью платформы .NET и широко используется для создания различных приложений, таких как:

**1. Веб-приложения:**
* **Серверные приложения ASP.NET:** C# - основной язык для создания динамических веб-сайтов, веб-приложений и REST API на платформе ASP.NET.
* **Blazor:** Современная среда для создания интерактивных веб-интерфейсов на C#, компилируемая в WebAssembly.

**2. Десктопные приложения:**
* **Windows Forms:** Фреймворк для создания классических приложений Windows с графическим интерфейсом.
* **WPF (Windows Presentation Foundation):** Более современный фреймворк для создания насыщенных графикой и интерактивных приложений Windows.

**3. Мобильные приложения:**
* **Xamarin:** Кроссплатформенная среда разработки, позволяющая создавать мобильные приложения для Android, iOS и других платформ с использованием C#.

**4. Игры:**
* **Unity:** Популярный игровой движок, использующий C# как основной язык для написания игровой логики и скриптов.

**5. Облачные приложения:**
* **Azure Functions:** Сервис бессерверных вычислений, позволяющий запускать код C# в облаке по требованию.

**Преимущества C#:**

* **Простой и понятный синтаксис:** C# имеет относительно простой синтаксис, что делает его легким для изучения и понимания.
* **Объектно-ориентированный:**  C# поддерживает объектно-ориентированное программирование (ООП), что способствует созданию модульного, многоразового и поддерживаемого кода.
* **Типобезопасность:** C# является строго типизированным языком, что помогает предотвращать ошибки типов во время компиляции.
* **Кроссплатформенность:** С помощью платформы .NET Core, C# можно использовать для создания приложений, работающих на различных операционных системах, таких как Windows, Linux и macOS.
* **Широкая поддержка и сообщество:**  C# имеет большое и активное сообщество разработчиков, а также обширную документацию и множество доступных ресурсов.

В целом, C# - это мощный и универсальный язык программирования, подходящий для разработки широкого спектра приложений.

2024-06-18 00:17:00,260 - INFO - Форматированный ответ модели: C# (произносится как "си шарп") - это современный, объектно-ориентированный и типобезопасный язык программирования, разработанный компанией Microsoft. Он является частью платформы .NET и широко используется для создания различных приложений, таких как:

**1. Веб-приложения:**
* **Серверные приложения ASP.NET:** C# - основной язык для создания динамических веб-сайтов, веб-приложений и REST API на платформе ASP.NET.
* **Blazor:** Современная среда для создания интерактивных веб-интерфейсов на C#, компилируемая в WebAssembly.

**2. Десктопные приложения:**
* **Windows Forms:** Фреймворк для создания классических приложений Windows с графическим интерфейсом.
* **WPF (Windows Presentation Foundation):** Более современный фреймворк для создания насыщенных графикой и интерактивных приложений Windows.

**3. Мобильные приложения:**
* **Xamarin:** Кроссплатформенная среда разработки, позволяющая создавать мобильные приложения для Android, iOS и других платформ с использованием C#.

**4. Игры:**
* **Unity:** Популярный игровой движок, использующий C# как основной язык для написания игровой логики и скриптов.

**5. Облачные приложения:**
* **Azure Functions:** Сервис бессерверных вычислений, позволяющий запускать код C# в облаке по требованию.

**Преимущества C#:**

* **Простой и понятный синтаксис:** C# имеет относительно простой синтаксис, что делает его легким для изучения и понимания.
* **Объектно-ориентированный:**  C# поддерживает объектно-ориентированное программирование (ООП), что способствует созданию модульного, многоразового и поддерживаемого кода.
* **Типобезопасность:** C# является строго типизированным языком, что помогает предотвращать ошибки типов во время компиляции.
* **Кроссплатформенность:** С помощью платформы .NET Core, C# можно использовать для создания приложений, работающих на различных операционных системах, таких как Windows, Linux и macOS.
* **Широкая поддержка и сообщество:**  C# имеет большое и активное сообщество разработчиков, а также обширную документацию и множество доступных ресурсов.

В целом, C# - это мощный и универсальный язык программирования, подходящий для разработки широкого спектра приложений.

2024-06-18 00:20:03,351 - INFO - Пользователь (gustavo_lord): /prt что такое Python
2024-06-18 00:20:15,341 - INFO - Сырой ответ модели: Python - это мощный и высокоуровневый язык программирования общего назначения. Вот некоторые его ключевые особенности:

**Основные характеристики:**

* **Интерпретируемый:** Код Python выполняется построчно, без необходимости предварительной компиляции. 
* **Динамическая типизация:**  Тип данных переменной определяется во время выполнения, что делает код более гибким.
* **Высокоуровневый:** Абстрагируется от деталей низкого уровня, таких как управление памятью, что упрощает разработку.
* **Кроссплатформенный:** Работает на различных операционных системах, таких как Windows, macOS, Linux.
* **Многопарадигмальный:** Поддерживает разные стили программирования, включая процедурный, объектно-ориентированный и функциональный.

**Преимущества:**

* **Простота и читаемость:** Синтаксис Python  близок к естественному языку, что делает его легким для изучения и понимания.
* **Большое сообщество и обширная экосистема:**  Множество библиотек, фреймворков и инструментов для решения разнообразных задач.
* **Широкие возможности применения:**  Веб-разработка, анализ данных, машинное обучение, автоматизация, научные вычисления и многое другое.
* **Открытый исходный код:**  Python  бесплатен для использования и распространения.

**Недостатки:**

* **Скорость:** Будучи интерпретируемым языком, Python  может быть медленнее компилируемых языков, таких как C++ или Java.
* **Потребление памяти:** Динамическая типизация может привести к большему потреблению памяти.
* **Ограничения в мобильной разработке:**  Python  не является популярным выбором для разработки мобильных приложений.


В целом, Python - отличный выбор как для начинающих, так и для опытных программистов, предлагая простоту, универсальность и широкие возможности.

2024-06-18 00:20:15,341 - INFO - Форматированный ответ модели: Python - это мощный и высокоуровневый язык программирования общего назначения. Вот некоторые его ключевые особенности:

**Основные характеристики:**

* **Интерпретируемый:** Код Python выполняется построчно, без необходимости предварительной компиляции. 
* **Динамическая типизация:**  Тип данных переменной определяется во время выполнения, что делает код более гибким.
* **Высокоуровневый:** Абстрагируется от деталей низкого уровня, таких как управление памятью, что упрощает разработку.
* **Кроссплатформенный:** Работает на различных операционных системах, таких как Windows, macOS, Linux.
* **Многопарадигмальный:** Поддерживает разные стили программирования, включая процедурный, объектно-ориентированный и функциональный.

**Преимущества:**

* **Простота и читаемость:** Синтаксис Python  близок к естественному языку, что делает его легким для изучения и понимания.
* **Большое сообщество и обширная экосистема:**  Множество библиотек, фреймворков и инструментов для решения разнообразных задач.
* **Широкие возможности применения:**  Веб-разработка, анализ данных, машинное обучение, автоматизация, научные вычисления и многое другое.
* **Открытый исходный код:**  Python  бесплатен для использования и распространения.

**Недостатки:**

* **Скорость:** Будучи интерпретируемым языком, Python  может быть медленнее компилируемых языков, таких как C++ или Java.
* **Потребление памяти:** Динамическая типизация может привести к большему потреблению памяти.
* **Ограничения в мобильной разработке:**  Python  не является популярным выбором для разработки мобильных приложений.


В целом, Python - отличный выбор как для начинающих, так и для опытных программистов, предлагая простоту, универсальность и широкие возможности.

2024-06-18 10:48:42,643 - INFO - Пользователь (gustavo_lord): /prt расскажи мне про язык Rust
2024-06-18 10:48:55,783 - INFO - Сырой ответ модели: ## Rust: язык для смелых и безопасных

Rust - это современный язык программирования, который сочетает в себе мощность и производительность низкоуровневых языков с безопасностью и удобством языков высокого уровня. 

**Преимущества Rust:**

* **Безопасность памяти:**  Rust использует уникальную систему владения и заимствования, которая на этапе компиляции предотвращает ошибки, связанные с работой с памятью, такие как утечки памяти, висячие указатели и гонки данных. 
* **Производительность:**  Rust компилируется в нативный код, что обеспечивает высокую производительность, сравнимую с C/C++.
* **Надежность:** Строгая система типов и проверки на этапе компиляции гарантируют надежность и предсказуемость кода.
* **Современность:** Rust  - современный язык с богатым функционалом, включая замыкания, обобщения, алгебраические типы данных и многое другое.
* **Сообщество:** У Rust дружелюбное и активное сообщество, готовое помочь новичкам.

**Где используется Rust:**

* **Системное программирование:** операционные системы, драйверы устройств, встроенные системы.
* **Веб-разработка:**  бекенд-приложения, веб-серверы, веб-ассемблеры.
* **Инструменты:** компиляторы, интерпретаторы, анализаторы кода.
* **Блокчейн:** разработка криптовалют и смарт-контрактов.
* **Игры:**  высокопроизводительные игры и игровые движки.

**Недостатки Rust:**

* **Сложность:**  Rust имеет крутую кривую обучения, особенно для новичков.
* **Строгость компилятора:**  Компилятор Rust очень строгий и может выдавать много ошибок, пока вы не освоите все нюансы языка.
* **Экосистема:**  Экосистема Rust  моложе, чем у некоторых других языков, но активно развивается.

**В заключение:**

Rust - это мощный и безопасный язык программирования, который может быть использован для создания широкого спектра приложений.  Если вы готовы потратить время на его изучение, то Rust  даст вам возможность писать быстрый, надежный и безопасный код.

2024-06-18 10:48:55,783 - INFO - Форматированный ответ модели: ## Rust: язык для смелых и безопасных

Rust - это современный язык программирования, который сочетает в себе мощность и производительность низкоуровневых языков с безопасностью и удобством языков высокого уровня. 

**Преимущества Rust:**

* **Безопасность памяти:**  Rust использует уникальную систему владения и заимствования, которая на этапе компиляции предотвращает ошибки, связанные с работой с памятью, такие как утечки памяти, висячие указатели и гонки данных. 
* **Производительность:**  Rust компилируется в нативный код, что обеспечивает высокую производительность, сравнимую с C/C++.
* **Надежность:** Строгая система типов и проверки на этапе компиляции гарантируют надежность и предсказуемость кода.
* **Современность:** Rust  - современный язык с богатым функционалом, включая замыкания, обобщения, алгебраические типы данных и многое другое.
* **Сообщество:** У Rust дружелюбное и активное сообщество, готовое помочь новичкам.

**Где используется Rust:**

* **Системное программирование:** операционные системы, драйверы устройств, встроенные системы.
* **Веб-разработка:**  бекенд-приложения, веб-серверы, веб-ассемблеры.
* **Инструменты:** компиляторы, интерпретаторы, анализаторы кода.
* **Блокчейн:** разработка криптовалют и смарт-контрактов.
* **Игры:**  высокопроизводительные игры и игровые движки.

**Недостатки Rust:**

* **Сложность:**  Rust имеет крутую кривую обучения, особенно для новичков.
* **Строгость компилятора:**  Компилятор Rust очень строгий и может выдавать много ошибок, пока вы не освоите все нюансы языка.
* **Экосистема:**  Экосистема Rust  моложе, чем у некоторых других языков, но активно развивается.

**В заключение:**

Rust - это мощный и безопасный язык программирования, который может быть использован для создания широкого спектра приложений.  Если вы готовы потратить время на его изучение, то Rust  даст вам возможность писать быстрый, надежный и безопасный код.

2024-06-18 10:48:56,055 - ERROR - Не удалось отправить сообщение: A request to the Telegram API was unsuccessful. Error code: 400. Description: Bad Request: can't parse entities: Can't find end of the entity starting at byte offset 2916
2024-06-18 10:49:25,415 - INFO - Пользователь (gustavo_lord): /prt расскажи мне про язык программирования Rust
2024-06-18 10:49:39,280 - INFO - Сырой ответ модели: ## Rust: язык, который заставляет задуматься о коде иначе

Представьте себе язык программирования, который сочетает в себе молниеносную скорость C++ с надёжностью, как у вашего любимого функционального языка. Звучит как несбыточная мечта? А вот и нет! Встречайте Rust – язык, разработанный для тех, кто ценит безопасность, производительность и современный подход.

**Что делает Rust особенным?**

* **Безопасность на первом месте:**  Забудьте про ошибки сегментации и утечки памяти! Rust использует инновационную систему владения и заимствования, которая на этапе компиляции отслеживает использование памяти и предотвращает опасные операции. Это как иметь личного телохранителя для вашего кода. 
* **Скорость света:**  Rust компилируется в нативный код, что делает его таким же быстрым, как C/C++.  Ваши программы будут летать, не тратя время на сборку мусора.
* **Современный инструментарий:**  Rust предлагает богатую стандартную библиотеку, удобную систему сборки (Cargo) и мощные инструменты для работы с зависимостями. Писать, тестировать и деплоить код на Rust – одно удовольствие.
* **Дружелюбное сообщество:**  Rust  окружает  активное и дружелюбное  сообщество, готовое помочь новичкам.  Здесь вы найдете  поддержку  и  ответы на любые вопросы.

**Где можно использовать Rust?**

* **Системное программирование:**  ОС, драйверы, встроенные системы - Rust  справится с любой задачей, требующей максимальной производительности и надёжности.
* **Веб-разработка:**  Серверные приложения, API, высоконагруженные сервисы - Rust  поможет создать быстрый и стабильный бэкенд.
* **Инструменты разработчика:** Компиляторы, анализаторы кода, IDE -  Rust  позволит создавать  быстрые  и  надёжные  инструменты  для  других разработчиков.
* **И многое другое:**  Блокчейн, машинное обучение, научные вычисления -  Rust  постоянно развивается  и  находит применение  в  новых  и  неожиданных  областях.

**Стоит ли учить Rust?**

Rust  - это не самый простой язык для изучения, особенно для новичков.  Но  если вы готовы вложить время и силы, то  Rust  вознаградит вас  мощью,  безопасностью  и  удовольствием  от  работы  с  языком,  который  всегда  на  шаг  впереди. 

2024-06-18 10:49:39,280 - INFO - Форматированный ответ модели: ## Rust: язык, который заставляет задуматься о коде иначе

Представьте себе язык программирования, который сочетает в себе молниеносную скорость C++ с надёжностью, как у вашего любимого функционального языка. Звучит как несбыточная мечта? А вот и нет! Встречайте Rust – язык, разработанный для тех, кто ценит безопасность, производительность и современный подход.

**Что делает Rust особенным?**

* **Безопасность на первом месте:**  Забудьте про ошибки сегментации и утечки памяти! Rust использует инновационную систему владения и заимствования, которая на этапе компиляции отслеживает использование памяти и предотвращает опасные операции. Это как иметь личного телохранителя для вашего кода. 
* **Скорость света:**  Rust компилируется в нативный код, что делает его таким же быстрым, как C/C++.  Ваши программы будут летать, не тратя время на сборку мусора.
* **Современный инструментарий:**  Rust предлагает богатую стандартную библиотеку, удобную систему сборки (Cargo) и мощные инструменты для работы с зависимостями. Писать, тестировать и деплоить код на Rust – одно удовольствие.
* **Дружелюбное сообщество:**  Rust  окружает  активное и дружелюбное  сообщество, готовое помочь новичкам.  Здесь вы найдете  поддержку  и  ответы на любые вопросы.

**Где можно использовать Rust?**

* **Системное программирование:**  ОС, драйверы, встроенные системы - Rust  справится с любой задачей, требующей максимальной производительности и надёжности.
* **Веб-разработка:**  Серверные приложения, API, высоконагруженные сервисы - Rust  поможет создать быстрый и стабильный бэкенд.
* **Инструменты разработчика:** Компиляторы, анализаторы кода, IDE -  Rust  позволит создавать  быстрые  и  надёжные  инструменты  для  других разработчиков.
* **И многое другое:**  Блокчейн, машинное обучение, научные вычисления -  Rust  постоянно развивается  и  находит применение  в  новых  и  неожиданных  областях.

**Стоит ли учить Rust?**

Rust  - это не самый простой язык для изучения, особенно для новичков.  Но  если вы готовы вложить время и силы, то  Rust  вознаградит вас  мощью,  безопасностью  и  удовольствием  от  работы  с  языком,  который  всегда  на  шаг  впереди. 

[2024-06-18 10:52:22,962] - INFO - Пользователь (gustavo_lord): /prt что такое C#
[2024-06-18 10:52:34,525] - INFO - Сырой ответ модели: ## C# - мощный язык программирования от Microsoft

**C# (произносится "си шарп")** - это современный, объектно-ориентированный язык программирования, разработанный компанией Microsoft в рамках платформы .NET. Он сочетает в себе простоту использования, мощность и гибкость, что делает его идеальным выбором для широкого спектра задач.

**Вот некоторые ключевые особенности C#:**

* **Объектно-ориентированный:** C# полностью поддерживает принципы объектно-ориентированного программирования (ООП), такие как инкапсуляция, наследование и полиморфизм.
* **Строгая типизация:** C# - строго типизированный язык, что помогает предотвращать ошибки на этапе компиляции и делает код более надежным.
* **Управляемый код:** Код C# компилируется в промежуточный язык (IL), который выполняется виртуальной машиной .NET. Это обеспечивает безопасность типов, автоматическое управление памятью и другие преимущества.
* **Кроссплатформенность:** Благодаря .NET Core, C# стал кроссплатформенным языком, позволяющим создавать приложения для Windows, Linux, macOS и других платформ.
* **Широкий спектр применений:** C# используется для разработки веб-приложений, десктопных приложений, мобильных приложений, игр, облачных сервисов и многого другого.
* **Большое и активное сообщество:** У C# огромное сообщество разработчиков, что обеспечивает доступ к обширным ресурсам, библиотекам и поддержке.

**Примеры использования C#:**

* Создание игр на движке Unity
* Разработка веб-приложений с использованием ASP.NET
* Создание мобильных приложений для Android и iOS с помощью Xamarin
* Написание десктопных приложений для Windows

**Если вы хотите изучить программирование или ищете мощный и универсальный язык, C# - отличный выбор.**

[2024-06-18 10:52:34,525] - INFO - Форматированный ответ модели: ## C# - мощный язык программирования от Microsoft

**C# (произносится "си шарп")** - это современный, объектно-ориентированный язык программирования, разработанный компанией Microsoft в рамках платформы .NET. Он сочетает в себе простоту использования, мощность и гибкость, что делает его идеальным выбором для широкого спектра задач.

**Вот некоторые ключевые особенности C#:**

* **Объектно-ориентированный:** C# полностью поддерживает принципы объектно-ориентированного программирования (ООП), такие как инкапсуляция, наследование и полиморфизм.
* **Строгая типизация:** C# - строго типизированный язык, что помогает предотвращать ошибки на этапе компиляции и делает код более надежным.
* **Управляемый код:** Код C# компилируется в промежуточный язык (IL), который выполняется виртуальной машиной .NET. Это обеспечивает безопасность типов, автоматическое управление памятью и другие преимущества.
* **Кроссплатформенность:** Благодаря .NET Core, C# стал кроссплатформенным языком, позволяющим создавать приложения для Windows, Linux, macOS и других платформ.
* **Широкий спектр применений:** C# используется для разработки веб-приложений, десктопных приложений, мобильных приложений, игр, облачных сервисов и многого другого.
* **Большое и активное сообщество:** У C# огромное сообщество разработчиков, что обеспечивает доступ к обширным ресурсам, библиотекам и поддержке.

**Примеры использования C#:**

* Создание игр на движке Unity
* Разработка веб-приложений с использованием ASP.NET
* Создание мобильных приложений для Android и iOS с помощью Xamarin
* Написание десктопных приложений для Windows

**Если вы хотите изучить программирование или ищете мощный и универсальный язык, C# - отличный выбор.**

